c:\users\asab\desktop\deadlockcheatsource2\pepe\x64\debug\vc143.pdb
c:\users\asab\desktop\deadlockcheatsource2\pepe\x64\debug\vc143.idb
c:\users\asab\desktop\deadlockcheatsource2\pepe\x64\debug\visuals.obj
c:\users\asab\desktop\deadlockcheatsource2\pepe\x64\debug\sniper.obj
c:\users\asab\desktop\deadlockcheatsource2\pepe\x64\debug\offsets.obj
c:\users\asab\desktop\deadlockcheatsource2\pepe\x64\debug\movment.obj
c:\users\asab\desktop\deadlockcheatsource2\pepe\x64\debug\memory.obj
c:\users\asab\desktop\deadlockcheatsource2\pepe\x64\debug\math.obj
c:\users\asab\desktop\deadlockcheatsource2\pepe\x64\debug\main.obj
c:\users\asab\desktop\deadlockcheatsource2\pepe\x64\debug\imgui_widgets.obj
c:\users\asab\desktop\deadlockcheatsource2\pepe\x64\debug\imgui_tables.obj
c:\users\asab\desktop\deadlockcheatsource2\pepe\x64\debug\imgui_impl_win32.obj
c:\users\asab\desktop\deadlockcheatsource2\pepe\x64\debug\imgui_impl_dx11.obj
c:\users\asab\desktop\deadlockcheatsource2\pepe\x64\debug\imgui_draw.obj
c:\users\asab\desktop\deadlockcheatsource2\pepe\x64\debug\imgui_demo.obj
c:\users\asab\desktop\deadlockcheatsource2\pepe\x64\debug\imgui.obj
c:\users\asab\desktop\deadlockcheatsource2\pepe\x64\debug\freecam.obj
c:\users\asab\desktop\deadlockcheatsource2\pepe\x64\debug\entity.obj
c:\users\asab\desktop\deadlockcheatsource2\pepe\x64\debug\dumper.obj
c:\users\asab\desktop\deadlockcheatsource2\pepe\x64\debug\config.obj
c:\users\asab\desktop\deadlockcheatsource2\pepe\x64\debug\beepbob.obj
c:\users\asab\desktop\deadlockcheatsource2\pepe\x64\debug\aimbot.obj
c:\users\asab\desktop\deadlockcheatsource2\x64\debug\pepe.dll
c:\users\asab\desktop\deadlockcheatsource2\x64\debug\pepe.pdb
c:\users\asab\desktop\deadlockcheatsource2\pepe\x64\debug\pepe.tlog\cl.command.1.tlog
c:\users\asab\desktop\deadlockcheatsource2\pepe\x64\debug\pepe.tlog\cl.items.tlog
c:\users\asab\desktop\deadlockcheatsource2\pepe\x64\debug\pepe.tlog\cl.read.1.tlog
c:\users\asab\desktop\deadlockcheatsource2\pepe\x64\debug\pepe.tlog\cl.write.1.tlog
c:\users\asab\desktop\deadlockcheatsource2\pepe\x64\debug\pepe.tlog\link.command.1.tlog
c:\users\asab\desktop\deadlockcheatsource2\pepe\x64\debug\pepe.tlog\link.read.1.tlog
c:\users\asab\desktop\deadlockcheatsource2\pepe\x64\debug\pepe.tlog\link.secondary.1.tlog
c:\users\asab\desktop\deadlockcheatsource2\pepe\x64\debug\pepe.tlog\link.write.1.tlog
